time="2025-01-31T22:50:29+06:00" level=info msg="Create router" func="main.main()" file="app.go:15"
time="2025-01-31T22:50:29+06:00" level=info msg="Register user handler" func="main.main()" file="app.go:18"
time="2025-01-31T23:15:48+06:00" level=info msg="Create router" func="main.main()" file="app.go:15"
time="2025-01-31T23:15:48+06:00" level=info msg="Register user handler" func="main.main()" file="app.go:18"
time="2025-01-31T23:17:17+06:00" level=info msg="Create router" func="main.main()" file="app.go:15"
time="2025-01-31T23:17:17+06:00" level=info msg="Register user handler" func="main.main()" file="app.go:18"
time="2025-01-31T23:23:02+06:00" level=info msg="Create router" func="main.main()" file="app.go:14"
time="2025-01-31T23:23:02+06:00" level=info msg="Register user handler" func="main.main()" file="app.go:17"
time="2025-01-31T23:23:02+06:00" level=info msg="start application" func="main.start()" file="app.go:27"
time="2025-01-31T23:23:02+06:00" level=info msg="Server is listening port 0.0.0.0:1234 " func="main.start()" file="app.go:38"
time="2025-01-31T23:33:03+06:00" level=info msg="Create router" func="main.main()" file="app.go:14"
time="2025-01-31T23:33:03+06:00" level=info msg="Register user handler" func="main.main()" file="app.go:17"
time="2025-01-31T23:33:03+06:00" level=info msg="start application" func="main.start()" file="app.go:27"
time="2025-01-31T23:33:03+06:00" level=info msg="Server is listening port 0.0.0.0:1234 " func="main.start()" file="app.go:38"
time="2025-02-03T23:42:59+06:00" level=info msg="Create router" func="main.main()" file="app.go:19"
time="2025-02-03T23:44:09+06:00" level=info msg="Create router" func="main.main()" file="app.go:19"
time="2025-02-03T23:46:12+06:00" level=info msg="Create router" func="main.main()" file="app.go:19"
time="2025-02-03T23:48:48+06:00" level=info msg="Create router" func="main.main()" file="app.go:19"
time="2025-02-03T23:50:18+06:00" level=info msg="Create router" func="main.main()" file="app.go:19"
time="2025-02-03T23:50:18+06:00" level=info msg="read application configuration" func="rest-api-tutorial/internal/config.GetConfig.func1()" file="config.go:24"
time="2025-02-03T23:50:18+06:00" level=info msg="Register user handler" func="main.main()" file="app.go:23"
time="2025-02-03T23:50:18+06:00" level=info msg="start application" func="main.start()" file="app.go:32"
time="2025-02-03T23:50:18+06:00" level=info msg="Listen tcp" func="main.start()" file="app.go:49"
time="2025-02-03T23:50:18+06:00" level=info msg="Server is listening port :1000" func="main.start()" file="app.go:61"
time="2025-02-03T23:50:35+06:00" level=info msg="Create router" func="main.main()" file="app.go:19"
time="2025-02-03T23:50:35+06:00" level=info msg="read application configuration" func="rest-api-tutorial/internal/config.GetConfig.func1()" file="config.go:24"
time="2025-02-03T23:50:35+06:00" level=info msg="Register user handler" func="main.main()" file="app.go:23"
time="2025-02-03T23:50:35+06:00" level=info msg="start application" func="main.start()" file="app.go:32"
time="2025-02-03T23:50:35+06:00" level=info msg="Listen tcp" func="main.start()" file="app.go:49"
time="2025-02-03T23:50:35+06:00" level=info msg="Server is listening port :10000" func="main.start()" file="app.go:61"
time="2025-02-03T23:51:43+06:00" level=info msg="Create router" func="main.main()" file="app.go:19"
time="2025-02-03T23:51:43+06:00" level=info msg="read application configuration" func="rest-api-tutorial/internal/config.GetConfig.func1()" file="config.go:24"
time="2025-02-03T23:51:43+06:00" level=info msg="Register user handler" func="main.main()" file="app.go:23"
time="2025-02-03T23:51:43+06:00" level=info msg="start application" func="main.start()" file="app.go:32"
time="2025-02-03T23:51:43+06:00" level=info msg="Create socket" func="main.start()" file="app.go:42"
time="2025-02-03T23:51:43+06:00" level=debug msg="Socket path: C:\\Users\\DANI(P)C\\AppData\\Local\\JetBrains\\GoLand2024.2\\tmp\\GoLand/app.sock" func="main.start()" file="app.go:44"
time="2025-02-03T23:51:43+06:00" level=info msg="Create unix socket" func="main.start()" file="app.go:46"
time="2025-02-03T23:51:43+06:00" level=info msg="Server is listening port :" func="main.start()" file="app.go:61"
time="2025-02-03T23:53:42+06:00" level=info msg="Create router" func="main.main()" file="app.go:19"
time="2025-02-03T23:53:42+06:00" level=info msg="read application configuration" func="rest-api-tutorial/internal/config.GetConfig.func1()" file="config.go:24"
time="2025-02-03T23:53:42+06:00" level=info msg="Register user handler" func="main.main()" file="app.go:23"
time="2025-02-03T23:53:42+06:00" level=info msg="start application" func="main.start()" file="app.go:32"
time="2025-02-03T23:53:42+06:00" level=info msg="Create socket" func="main.start()" file="app.go:42"
time="2025-02-03T23:53:42+06:00" level=debug msg="Socket path: C:\\Users\\DANI(P)C\\AppData\\Local\\JetBrains\\GoLand2024.2\\tmp\\GoLand/app.sock" func="main.start()" file="app.go:44"
time="2025-02-03T23:53:42+06:00" level=info msg="Create unix socket" func="main.start()" file="app.go:46"
time="2025-02-03T23:53:42+06:00" level=fatal msg="listen unix C:\\Users\\DANI(P)C\\AppData\\Local\\JetBrains\\GoLand2024.2\\tmp\\GoLand/app.sock: bind: Only one usage of each socket address (protocol/network address/port) is normally permitted." func="main.start()" file="app.go:53"
time="2025-02-03T23:56:43+06:00" level=info msg="Create router" func="main.main()" file="app.go:19"
time="2025-02-03T23:56:43+06:00" level=info msg="read application configuration" func="rest-api-tutorial/internal/config.GetConfig.func1()" file="config.go:24"
time="2025-02-03T23:56:43+06:00" level=info msg="Register user handler" func="main.main()" file="app.go:23"
time="2025-02-03T23:56:43+06:00" level=info msg="start application" func="main.start()" file="app.go:32"
time="2025-02-03T23:56:43+06:00" level=info msg="Detect app path" func="main.start()" file="app.go:38"
time="2025-02-03T23:56:43+06:00" level=info msg="Create socket" func="main.start()" file="app.go:43"
time="2025-02-03T23:56:43+06:00" level=debug msg="Socket path: C:\\Users\\DANI(P)C\\AppData\\Local\\JetBrains\\GoLand2024.2\\tmp\\GoLand/app.sock" func="main.start()" file="app.go:45"
time="2025-02-03T23:56:43+06:00" level=info msg="Create unix socket" func="main.start()" file="app.go:47"
time="2025-02-03T23:56:43+06:00" level=info msg="Server is listening unix socket: C:\\Users\\DANI(P)C\\AppData\\Local\\JetBrains\\GoLand2024.2\\tmp\\GoLand/app.sock" func="main.start()" file="app.go:49"
time="2025-02-03T23:56:43+06:00" level=fatal msg="listen unix C:\\Users\\DANI(P)C\\AppData\\Local\\JetBrains\\GoLand2024.2\\tmp\\GoLand/app.sock: bind: Only one usage of each socket address (protocol/network address/port) is normally permitted." func="main.start()" file="app.go:56"
time="2025-02-03T23:59:56+06:00" level=info msg="Create router" func="main.main()" file="app.go:19"
time="2025-02-03T23:59:56+06:00" level=info msg="read application configuration" func="rest-api-tutorial/internal/config.GetConfig.func1()" file="config.go:24"
time="2025-02-03T23:59:56+06:00" level=info msg="Register user handler" func="main.main()" file="app.go:23"
time="2025-02-03T23:59:56+06:00" level=info msg="start application" func="main.start()" file="app.go:32"
time="2025-02-03T23:59:56+06:00" level=info msg="Detect app path" func="main.start()" file="app.go:38"
time="2025-02-03T23:59:56+06:00" level=info msg="Create socket" func="main.start()" file="app.go:43"
time="2025-02-03T23:59:56+06:00" level=debug msg="Socket path: C:\\Users\\DANI(P)C\\GolandProjects\\rest-api-tutorial\\build/app.sock" func="main.start()" file="app.go:45"
time="2025-02-03T23:59:56+06:00" level=info msg="Create unix socket" func="main.start()" file="app.go:47"
time="2025-02-03T23:59:56+06:00" level=info msg="Server is listening unix socket: C:\\Users\\DANI(P)C\\GolandProjects\\rest-api-tutorial\\build/app.sock" func="main.start()" file="app.go:49"
time="2025-02-04T00:00:35+06:00" level=info msg="Create router" func="main.main()" file="app.go:19"
time="2025-02-04T00:00:35+06:00" level=info msg="read application configuration" func="rest-api-tutorial/internal/config.GetConfig.func1()" file="config.go:24"
time="2025-02-04T00:00:35+06:00" level=info msg="Register user handler" func="main.main()" file="app.go:23"
time="2025-02-04T00:00:35+06:00" level=info msg="start application" func="main.start()" file="app.go:32"
time="2025-02-04T00:00:35+06:00" level=info msg="Detect app path" func="main.start()" file="app.go:38"
time="2025-02-04T00:00:35+06:00" level=info msg="Create socket" func="main.start()" file="app.go:43"
time="2025-02-04T00:00:35+06:00" level=debug msg="Socket path: C:\\Users\\DANI(P)C\\GolandProjects\\rest-api-tutorial\\build/app.sock" func="main.start()" file="app.go:45"
time="2025-02-04T00:00:35+06:00" level=info msg="Create unix socket" func="main.start()" file="app.go:47"
time="2025-02-04T00:00:35+06:00" level=info msg="Server is listening unix socket: C:\\Users\\DANI(P)C\\GolandProjects\\rest-api-tutorial\\build/app.sock" func="main.start()" file="app.go:49"
time="2025-02-04T00:00:35+06:00" level=fatal msg="listen unix C:\\Users\\DANI(P)C\\GolandProjects\\rest-api-tutorial\\build/app.sock: bind: Only one usage of each socket address (protocol/network address/port) is normally permitted." func="main.start()" file="app.go:56"
time="2025-02-04T00:02:35+06:00" level=info msg="Create router" func="main.main()" file="app.go:19"
time="2025-02-04T00:02:35+06:00" level=info msg="read application configuration" func="rest-api-tutorial/internal/config.GetConfig.func1()" file="config.go:24"
time="2025-02-04T00:02:35+06:00" level=info msg="Register user handler" func="main.main()" file="app.go:23"
time="2025-02-04T00:02:35+06:00" level=info msg="start application" func="main.start()" file="app.go:32"
time="2025-02-04T00:02:35+06:00" level=info msg="Detect app path" func="main.start()" file="app.go:38"
time="2025-02-04T00:02:35+06:00" level=info msg="Create socket" func="main.start()" file="app.go:43"
time="2025-02-04T00:02:35+06:00" level=debug msg="Socket path: C:\\Users\\DANI(P)C\\GolandProjects\\rest-api-tutorial\\build/app.sock" func="main.start()" file="app.go:45"
time="2025-02-04T00:02:35+06:00" level=info msg="Create unix socket" func="main.start()" file="app.go:47"
time="2025-02-04T00:02:35+06:00" level=info msg="Server is listening unix socket: C:\\Users\\DANI(P)C\\GolandProjects\\rest-api-tutorial\\build/app.sock" func="main.start()" file="app.go:49"
time="2025-02-04T00:02:35+06:00" level=fatal msg="listen unix C:\\Users\\DANI(P)C\\GolandProjects\\rest-api-tutorial\\build/app.sock: bind: Only one usage of each socket address (protocol/network address/port) is normally permitted." func="main.start()" file="app.go:56"
time="2025-02-04T00:02:58+06:00" level=info msg="Create router" func="main.main()" file="app.go:19"
time="2025-02-04T00:02:58+06:00" level=info msg="read application configuration" func="rest-api-tutorial/internal/config.GetConfig.func1()" file="config.go:24"
time="2025-02-04T00:02:58+06:00" level=info msg="Register user handler" func="main.main()" file="app.go:23"
time="2025-02-04T00:02:58+06:00" level=info msg="start application" func="main.start()" file="app.go:32"
time="2025-02-04T00:02:58+06:00" level=info msg="Detect app path" func="main.start()" file="app.go:38"
time="2025-02-04T00:02:58+06:00" level=info msg="Create socket" func="main.start()" file="app.go:43"
time="2025-02-04T00:02:58+06:00" level=debug msg="Socket path: C:\\Users\\DANI(P)C\\GolandProjects\\rest-api-tutorial\\build/app.sock" func="main.start()" file="app.go:45"
time="2025-02-04T00:02:58+06:00" level=info msg="Create unix socket" func="main.start()" file="app.go:47"
time="2025-02-04T00:02:58+06:00" level=info msg="Server is listening unix socket: C:\\Users\\DANI(P)C\\GolandProjects\\rest-api-tutorial\\build/app.sock" func="main.start()" file="app.go:49"
time="2025-02-04T00:02:58+06:00" level=fatal msg="listen unix C:\\Users\\DANI(P)C\\GolandProjects\\rest-api-tutorial\\build/app.sock: bind: Only one usage of each socket address (protocol/network address/port) is normally permitted." func="main.start()" file="app.go:56"
time="2025-02-04T00:06:21+06:00" level=info msg="Create router" func="main.main()" file="app.go:19"
time="2025-02-04T00:06:21+06:00" level=info msg="read application configuration" func="rest-api-tutorial/internal/config.GetConfig.func1()" file="config.go:24"
time="2025-02-04T00:06:21+06:00" level=info msg="Register user handler" func="main.main()" file="app.go:23"
time="2025-02-04T00:06:21+06:00" level=info msg="start application" func="main.start()" file="app.go:32"
time="2025-02-04T00:06:21+06:00" level=info msg="Detect app path" func="main.start()" file="app.go:38"
time="2025-02-04T00:06:21+06:00" level=info msg="Create socket" func="main.start()" file="app.go:43"
time="2025-02-04T00:06:21+06:00" level=info msg="Create unix socket" func="main.start()" file="app.go:46"
time="2025-02-04T00:06:21+06:00" level=info msg="Server is listening unix socket: C:\\Users\\DANI(P)C\\GolandProjects\\rest-api-tutorial\\build/app.sock" func="main.start()" file="app.go:48"
time="2025-02-04T00:06:21+06:00" level=fatal msg="listen unix C:\\Users\\DANI(P)C\\GolandProjects\\rest-api-tutorial\\build/app.sock: bind: Only one usage of each socket address (protocol/network address/port) is normally permitted." func="main.start()" file="app.go:55"
time="2025-02-04T00:12:19+06:00" level=info msg="Create router" func="main.main()" file="app.go:19"
time="2025-02-04T00:12:19+06:00" level=info msg="read application configuration" func="rest-api-tutorial/internal/config.GetConfig.func1()" file="config.go:24"
time="2025-02-04T00:12:19+06:00" level=info msg="Register user handler" func="main.main()" file="app.go:23"
time="2025-02-04T00:12:19+06:00" level=info msg="start application" func="main.start()" file="app.go:32"
time="2025-02-04T00:12:19+06:00" level=info msg="Detect app path" func="main.start()" file="app.go:38"
time="2025-02-04T00:12:19+06:00" level=info msg="Create socket" func="main.start()" file="app.go:43"
time="2025-02-04T00:12:19+06:00" level=info msg="Create unix socket" func="main.start()" file="app.go:46"
time="2025-02-04T00:12:19+06:00" level=info msg="Server is listening unix socket: C:\\Users\\DANI(P)C\\GolandProjects\\rest-api-tutorial\\build/app.sock" func="main.start()" file="app.go:48"
time="2025-02-04T00:12:19+06:00" level=fatal msg="listen unix C:\\Users\\DANI(P)C\\GolandProjects\\rest-api-tutorial\\build/app.sock: bind: Only one usage of each socket address (protocol/network address/port) is normally permitted." func="main.start()" file="app.go:56"
time="2025-02-04T00:17:24+06:00" level=info msg="Create router" func="main.main()" file="app.go:19"
time="2025-02-04T00:17:24+06:00" level=info msg="read application configuration" func="rest-api-tutorial/internal/config.GetConfig.func1()" file="config.go:24"
time="2025-02-04T00:17:24+06:00" level=info msg="Register user handler" func="main.main()" file="app.go:23"
time="2025-02-04T00:17:24+06:00" level=info msg="start application" func="main.start()" file="app.go:32"
time="2025-02-04T00:17:24+06:00" level=info msg="Detect app path" func="main.start()" file="app.go:38"
time="2025-02-04T00:17:24+06:00" level=info msg="Create socket" func="main.start()" file="app.go:43"
time="2025-02-04T00:17:24+06:00" level=info msg="Create unix socket" func="main.start()" file="app.go:46"
time="2025-02-04T00:17:24+06:00" level=info msg="Server is listening unix socket: C:\\Users\\DANI(P)C\\GolandProjects\\rest-api-tutorial\\build/app.sock" func="main.start()" file="app.go:48"
time="2025-02-04T00:17:24+06:00" level=fatal msg="listen unix C:\\Users\\DANI(P)C\\GolandProjects\\rest-api-tutorial\\build/app.sock: bind: Only one usage of each socket address (protocol/network address/port) is normally permitted." func="main.start()" file="app.go:56"
time="2025-02-04T00:40:04+06:00" level=info msg="Create router" func="main.main()" file="app.go:19"
time="2025-02-04T00:40:04+06:00" level=info msg="read application configuration" func="rest-api-tutorial/internal/config.GetConfig.func1()" file="config.go:24"
time="2025-02-04T00:40:04+06:00" level=info msg="Register user handler" func="main.main()" file="app.go:23"
time="2025-02-04T00:40:04+06:00" level=info msg="start application" func="main.start()" file="app.go:32"
time="2025-02-04T00:40:04+06:00" level=info msg="Detect app path" func="main.start()" file="app.go:38"
time="2025-02-04T00:40:04+06:00" level=info msg="Create socket" func="main.start()" file="app.go:43"
time="2025-02-04T00:40:04+06:00" level=info msg="Create unix socket" func="main.start()" file="app.go:46"
time="2025-02-04T00:40:04+06:00" level=info msg="Server is listening unix socket: C:\\Users\\DANI(P)C\\GolandProjects\\rest-api-tutorial\\build/app.sock" func="main.start()" file="app.go:48"
time="2025-02-04T00:40:04+06:00" level=fatal msg="listen unix C:\\Users\\DANI(P)C\\GolandProjects\\rest-api-tutorial\\build/app.sock: bind: Only one usage of each socket address (protocol/network address/port) is normally permitted." func="main.start()" file="app.go:56"
time="2025-02-04T00:57:07+06:00" level=info msg="Create router" func="main.main()" file="app.go:19"
time="2025-02-04T00:57:07+06:00" level=info msg="read application configuration" func="rest-api-tutorial/internal/config.GetConfig.func1()" file="config.go:24"
time="2025-02-04T00:57:07+06:00" level=info msg="Register user handler" func="main.main()" file="app.go:23"
time="2025-02-04T00:57:07+06:00" level=info msg="start application" func="main.start()" file="app.go:32"
time="2025-02-04T00:57:07+06:00" level=info msg="Detect app path" func="main.start()" file="app.go:38"
time="2025-02-04T00:57:07+06:00" level=info msg="Create socket" func="main.start()" file="app.go:43"
time="2025-02-04T00:57:07+06:00" level=debug msg="Socket path: C:\\Users\\DANI(P)C\\GolandProjects\\rest-api-tutorial\\build/app.sock" func="main.start()" file="app.go:45"
time="2025-02-04T00:57:07+06:00" level=info msg="Listen unix socket" func="main.start()" file="app.go:47"
time="2025-02-04T00:57:07+06:00" level=info msg="Server is listening unix socket: C:\\Users\\DANI(P)C\\GolandProjects\\rest-api-tutorial\\build/app.sock" func="main.start()" file="app.go:49"
time="2025-02-04T00:57:07+06:00" level=fatal msg="listen unix C:\\Users\\DANI(P)C\\GolandProjects\\rest-api-tutorial\\build/app.sock: bind: Only one usage of each socket address (protocol/network address/port) is normally permitted." func="main.start()" file="app.go:57"
time="2025-02-04T00:58:56+06:00" level=info msg="Create router" func="main.main()" file="app.go:19"
time="2025-02-04T00:58:56+06:00" level=info msg="read application configuration" func="rest-api-tutorial/internal/config.GetConfig.func1()" file="config.go:24"
time="2025-02-04T00:58:56+06:00" level=info msg="Register user handler" func="main.main()" file="app.go:23"
time="2025-02-04T00:58:56+06:00" level=info msg="start application" func="main.start()" file="app.go:32"
time="2025-02-04T00:58:56+06:00" level=info msg="Detect app path" func="main.start()" file="app.go:38"
time="2025-02-04T00:58:56+06:00" level=info msg="Create socket" func="main.start()" file="app.go:43"
time="2025-02-04T00:58:56+06:00" level=debug msg="Socket path: C:\\Users\\DANI(P)C\\GolandProjects\\rest-api-tutorial\\build/app.sock" func="main.start()" file="app.go:45"
time="2025-02-04T00:58:56+06:00" level=info msg="Listen unix socket" func="main.start()" file="app.go:47"
time="2025-02-04T00:58:56+06:00" level=info msg="Server is listening unix socket: C:\\Users\\DANI(P)C\\GolandProjects\\rest-api-tutorial\\build/app.sock" func="main.start()" file="app.go:49"
time="2025-02-04T00:58:56+06:00" level=fatal msg="listen unix C:\\Users\\DANI(P)C\\GolandProjects\\rest-api-tutorial\\build/app.sock: bind: Only one usage of each socket address (protocol/network address/port) is normally permitted." func="main.start()" file="app.go:57"
time="2025-02-04T00:59:42+06:00" level=info msg="Create router" func="main.main()" file="app.go:19"
time="2025-02-04T00:59:42+06:00" level=info msg="read application configuration" func="rest-api-tutorial/internal/config.GetConfig.func1()" file="config.go:24"
time="2025-02-04T00:59:42+06:00" level=info msg="Register user handler" func="main.main()" file="app.go:23"
time="2025-02-04T00:59:42+06:00" level=info msg="start application" func="main.start()" file="app.go:32"
time="2025-02-04T00:59:42+06:00" level=info msg="Detect app path" func="main.start()" file="app.go:38"
time="2025-02-04T00:59:42+06:00" level=info msg="Create socket" func="main.start()" file="app.go:43"
time="2025-02-04T00:59:42+06:00" level=debug msg="Socket path: C:\\Users\\DANI(P)C\\GolandProjects\\rest-api-tutorial\\build/app.sock" func="main.start()" file="app.go:45"
time="2025-02-04T00:59:42+06:00" level=info msg="Listen unix socket" func="main.start()" file="app.go:47"
time="2025-02-04T00:59:42+06:00" level=info msg="Server is listening unix socket: C:\\Users\\DANI(P)C\\GolandProjects\\rest-api-tutorial\\build/app.sock" func="main.start()" file="app.go:49"
time="2025-02-04T00:59:42+06:00" level=fatal msg="listen unix C:\\Users\\DANI(P)C\\GolandProjects\\rest-api-tutorial\\build/app.sock: bind: Only one usage of each socket address (protocol/network address/port) is normally permitted." func="main.start()" file="app.go:57"
time="2025-02-04T01:03:20+06:00" level=info msg="Create router" func="main.main()" file="app.go:19"
time="2025-02-04T01:03:20+06:00" level=info msg="read application configuration" func="rest-api-tutorial/internal/config.GetConfig.func1()" file="config.go:24"
time="2025-02-04T01:03:20+06:00" level=info msg="Register user handler" func="main.main()" file="app.go:23"
time="2025-02-04T01:03:20+06:00" level=info msg="start application" func="main.start()" file="app.go:32"
time="2025-02-04T01:03:20+06:00" level=info msg="Detect app path" func="main.start()" file="app.go:38"
time="2025-02-04T01:03:20+06:00" level=info msg="Create socket" func="main.start()" file="app.go:41"
time="2025-02-04T01:03:20+06:00" level=debug msg="Socket path: C:\\Users\\DANI(P)C\\GolandProjects\\rest-api-tutorial\\build/app.sock" func="main.start()" file="app.go:43"
time="2025-02-04T01:03:20+06:00" level=info msg="Listen unix socket" func="main.start()" file="app.go:45"
time="2025-02-04T01:03:20+06:00" level=info msg="Server is listening unix socket: C:\\Users\\DANI(P)C\\GolandProjects\\rest-api-tutorial\\build/app.sock" func="main.start()" file="app.go:47"
time="2025-02-04T01:03:20+06:00" level=fatal msg="listen unix C:\\Users\\DANI(P)C\\GolandProjects\\rest-api-tutorial\\build/app.sock: bind: Only one usage of each socket address (protocol/network address/port) is normally permitted." func="main.start()" file="app.go:55"
time="2025-02-04T01:06:25+06:00" level=info msg="Create router" func="main.main()" file="app.go:19"
time="2025-02-04T01:06:25+06:00" level=info msg="read application configuration" func="rest-api-tutorial/internal/config.GetConfig.func1()" file="config.go:24"
time="2025-02-04T01:06:25+06:00" level=info msg="Register user handler" func="main.main()" file="app.go:23"
time="2025-02-04T01:06:25+06:00" level=info msg="start application" func="main.start()" file="app.go:32"
time="2025-02-04T01:06:25+06:00" level=info msg="Detect app path" func="main.start()" file="app.go:38"
time="2025-02-04T01:06:25+06:00" level=info msg="Create socket" func="main.start()" file="app.go:41"
time="2025-02-04T01:06:25+06:00" level=debug msg="Socket path: C:\\Users\\DANI(P)C\\GolandProjects\\rest-api-tutorial\\build/app.sock" func="main.start()" file="app.go:43"
time="2025-02-04T01:06:25+06:00" level=info msg="Listen unix socket" func="main.start()" file="app.go:45"
time="2025-02-04T01:06:25+06:00" level=info msg="Server is listening unix socket: C:\\Users\\DANI(P)C\\GolandProjects\\rest-api-tutorial\\build/app.sock" func="main.start()" file="app.go:47"
time="2025-02-04T01:06:25+06:00" level=fatal msg="listen unix C:\\Users\\DANI(P)C\\GolandProjects\\rest-api-tutorial\\build/app.sock: bind: Only one usage of each socket address (protocol/network address/port) is normally permitted." func="main.start()" file="app.go:55"
time="2025-02-04T01:14:22+06:00" level=info msg="Create router" func="main.main()" file="app.go:19"
time="2025-02-04T01:14:22+06:00" level=info msg="read application configuration" func="rest-api-tutorial/internal/config.GetConfig.func1()" file="config.go:24"
time="2025-02-04T01:14:22+06:00" level=info msg="Register user handler" func="main.main()" file="app.go:23"
time="2025-02-04T01:14:22+06:00" level=info msg="start application" func="main.start()" file="app.go:32"
time="2025-02-04T01:14:22+06:00" level=info msg="Detect app path" func="main.start()" file="app.go:38"
time="2025-02-04T01:14:22+06:00" level=info msg="Create socket" func="main.start()" file="app.go:43"
time="2025-02-04T01:14:22+06:00" level=debug msg="Socket path: C:\\Users\\DANI(P)C\\GolandProjects\\rest-api-tutorial\\build/app.sock" func="main.start()" file="app.go:45"
time="2025-02-04T01:14:22+06:00" level=info msg="Listen unix socket" func="main.start()" file="app.go:47"
time="2025-02-04T01:14:22+06:00" level=info msg="Server is listening unix socket: C:\\Users\\DANI(P)C\\GolandProjects\\rest-api-tutorial\\build/app.sock" func="main.start()" file="app.go:49"
time="2025-02-04T01:14:22+06:00" level=fatal msg="listen unix C:\\Users\\DANI(P)C\\GolandProjects\\rest-api-tutorial\\build/app.sock: bind: Only one usage of each socket address (protocol/network address/port) is normally permitted." func="main.start()" file="app.go:57"
time="2025-02-04T01:16:58+06:00" level=info msg="Create router" func="main.main()" file="app.go:19"
time="2025-02-04T01:16:58+06:00" level=info msg="read application configuration" func="rest-api-tutorial/internal/config.GetConfig.func1()" file="config.go:24"
time="2025-02-04T01:16:58+06:00" level=info msg="Register user handler" func="main.main()" file="app.go:23"
time="2025-02-04T01:16:58+06:00" level=info msg="start application" func="main.start()" file="app.go:32"
time="2025-02-04T01:16:58+06:00" level=info msg="Listen tcp" func="main.start()" file="app.go:51"
time="2025-02-04T01:16:58+06:00" level=info msg="Server is listening port :10000" func="main.start()" file="app.go:53"
time="2025-02-04T01:16:58+06:00" level=info msg="server is listening port :10000" func="main.start()" file="app.go:65"
time="2025-02-04T01:17:43+06:00" level=info msg="Create router" func="main.main()" file="app.go:19"
time="2025-02-04T01:17:43+06:00" level=info msg="read application configuration" func="rest-api-tutorial/internal/config.GetConfig.func1()" file="config.go:24"
time="2025-02-04T01:17:43+06:00" level=info msg="Register user handler" func="main.main()" file="app.go:23"
time="2025-02-04T01:17:43+06:00" level=info msg="start application" func="main.start()" file="app.go:32"
time="2025-02-04T01:17:43+06:00" level=info msg="Listen tcp" func="main.start()" file="app.go:51"
time="2025-02-04T01:17:43+06:00" level=info msg="Server is listening port :10000" func="main.start()" file="app.go:53"
time="2025-02-04T01:17:54+06:00" level=info msg="Create router" func="main.main()" file="app.go:19"
time="2025-02-04T01:17:54+06:00" level=info msg="read application configuration" func="rest-api-tutorial/internal/config.GetConfig.func1()" file="config.go:24"
time="2025-02-04T01:17:54+06:00" level=info msg="Register user handler" func="main.main()" file="app.go:23"
time="2025-02-04T01:17:54+06:00" level=info msg="start application" func="main.start()" file="app.go:32"
time="2025-02-04T01:17:54+06:00" level=info msg="Detect app path" func="main.start()" file="app.go:38"
time="2025-02-04T01:17:54+06:00" level=info msg="Create socket" func="main.start()" file="app.go:43"
time="2025-02-04T01:17:54+06:00" level=debug msg="Socket path: C:\\Users\\DANI(P)C\\GolandProjects\\rest-api-tutorial\\build/app.sock" func="main.start()" file="app.go:45"
time="2025-02-04T01:17:54+06:00" level=info msg="Listen unix socket" func="main.start()" file="app.go:47"
time="2025-02-04T01:17:55+06:00" level=info msg="Server is listening unix socket: C:\\Users\\DANI(P)C\\GolandProjects\\rest-api-tutorial\\build/app.sock" func="main.start()" file="app.go:49"
time="2025-02-04T01:17:55+06:00" level=fatal msg="listen unix C:\\Users\\DANI(P)C\\GolandProjects\\rest-api-tutorial\\build/app.sock: bind: Only one usage of each socket address (protocol/network address/port) is normally permitted." func="main.start()" file="app.go:57"
time="2025-02-04T01:20:08+06:00" level=info msg="Create router" func="main.main()" file="app.go:19"
time="2025-02-04T01:20:08+06:00" level=info msg="read application configuration" func="rest-api-tutorial/internal/config.GetConfig.func1()" file="config.go:24"
time="2025-02-04T01:20:08+06:00" level=info msg="Register user handler" func="main.main()" file="app.go:23"
time="2025-02-04T01:20:08+06:00" level=info msg="start application" func="main.start()" file="app.go:32"
time="2025-02-04T01:20:08+06:00" level=info msg="Detect app path" func="main.start()" file="app.go:38"
time="2025-02-04T01:20:08+06:00" level=info msg="Create socket" func="main.start()" file="app.go:43"
time="2025-02-04T01:20:08+06:00" level=debug msg="Socket path: C:\\Users\\DANI(P)C\\GolandProjects\\rest-api-tutorial\\build/app.sock" func="main.start()" file="app.go:45"
time="2025-02-04T01:20:08+06:00" level=info msg="Listen unix socket" func="main.start()" file="app.go:47"
time="2025-02-04T01:20:08+06:00" level=info msg="Server is listening unix socket: C:\\Users\\DANI(P)C\\GolandProjects\\rest-api-tutorial\\build/app.sock" func="main.start()" file="app.go:49"
time="2025-02-04T01:20:08+06:00" level=fatal msg="listen unix C:\\Users\\DANI(P)C\\GolandProjects\\rest-api-tutorial\\build/app.sock: bind: Only one usage of each socket address (protocol/network address/port) is normally permitted." func="main.start()" file="app.go:57"
time="2025-02-04T01:20:35+06:00" level=info msg="Create router" func="main.main()" file="app.go:19"
time="2025-02-04T01:20:35+06:00" level=info msg="read application configuration" func="rest-api-tutorial/internal/config.GetConfig.func1()" file="config.go:24"
time="2025-02-04T01:20:35+06:00" level=info msg="Register user handler" func="main.main()" file="app.go:23"
time="2025-02-04T01:20:35+06:00" level=info msg="start application" func="main.start()" file="app.go:32"
time="2025-02-04T01:20:35+06:00" level=info msg="Detect app path" func="main.start()" file="app.go:38"
time="2025-02-04T01:20:35+06:00" level=info msg="Create socket" func="main.start()" file="app.go:43"
time="2025-02-04T01:20:35+06:00" level=debug msg="Socket path: C:\\Users\\DANI(P)C\\GolandProjects\\rest-api-tutorial\\build/app.sock" func="main.start()" file="app.go:45"
time="2025-02-04T01:20:35+06:00" level=info msg="Listen unix socket" func="main.start()" file="app.go:47"
time="2025-02-04T01:20:35+06:00" level=info msg="Server is listening unix socket: C:\\Users\\DANI(P)C\\GolandProjects\\rest-api-tutorial\\build/app.sock" func="main.start()" file="app.go:49"
time="2025-02-04T01:20:35+06:00" level=fatal msg="listen unix C:\\Users\\DANI(P)C\\GolandProjects\\rest-api-tutorial\\build/app.sock: bind: Only one usage of each socket address (protocol/network address/port) is normally permitted." func="main.start()" file="app.go:57"
time="2025-02-04T01:23:45+06:00" level=info msg="Create router" func="main.main()" file="app.go:19"
time="2025-02-04T01:23:45+06:00" level=info msg="read application configuration" func="rest-api-tutorial/internal/config.GetConfig.func1()" file="config.go:24"
time="2025-02-04T01:23:45+06:00" level=info msg="Register user handler" func="main.main()" file="app.go:23"
time="2025-02-04T01:23:45+06:00" level=info msg="start application" func="main.start()" file="app.go:32"
time="2025-02-04T01:23:45+06:00" level=info msg="Detect app path" func="main.start()" file="app.go:38"
time="2025-02-04T01:23:45+06:00" level=info msg="Create socket" func="main.start()" file="app.go:43"
time="2025-02-04T01:23:45+06:00" level=info msg="Listen unix socket" func="main.start()" file="app.go:46"
time="2025-02-04T01:23:45+06:00" level=info msg="Server is listening unix socket: C:\\Users\\DANI(P)C\\GolandProjects\\rest-api-tutorial\\build/app.sock" func="main.start()" file="app.go:48"
time="2025-02-04T01:23:45+06:00" level=fatal msg="listen unix C:\\Users\\DANI(P)C\\GolandProjects\\rest-api-tutorial\\build/app.sock: bind: Only one usage of each socket address (protocol/network address/port) is normally permitted." func="main.start()" file="app.go:56"
time="2025-02-04T01:29:13+06:00" level=info msg="Create router" func="main.main()" file="app.go:19"
time="2025-02-04T01:29:13+06:00" level=info msg="read application configuration" func="rest-api-tutorial/internal/config.GetConfig.func1()" file="config.go:24"
time="2025-02-04T01:29:13+06:00" level=info msg="Register user handler" func="main.main()" file="app.go:23"
time="2025-02-04T01:29:13+06:00" level=info msg="start application" func="main.start()" file="app.go:32"
time="2025-02-04T01:29:13+06:00" level=info msg="Detect app path" func="main.start()" file="app.go:38"
time="2025-02-04T01:29:13+06:00" level=info msg="Create socket" func="main.start()" file="app.go:43"
time="2025-02-04T01:29:13+06:00" level=info msg="Listen unix socket" func="main.start()" file="app.go:46"
time="2025-02-04T01:29:13+06:00" level=info msg="Server is listening unix socket: C:\\Users\\DANI(P)C\\GolandProjects\\rest-api-tutorial\\build/app.sock" func="main.start()" file="app.go:48"
time="2025-02-04T01:29:13+06:00" level=fatal msg="listen unix C:\\Users\\DANI(P)C\\GolandProjects\\rest-api-tutorial\\build/app.sock: bind: Only one usage of each socket address (protocol/network address/port) is normally permitted." func="main.start()" file="app.go:56"
time="2025-02-04T17:31:57+06:00" level=info msg="Create router" func="main.main()" file="app.go:19"
time="2025-02-04T17:31:57+06:00" level=info msg="read application configuration" func="rest-api-tutorial/internal/config.GetConfig.func1()" file="config.go:24"
time="2025-02-04T17:31:57+06:00" level=info msg="Register user handler" func="main.main()" file="app.go:23"
time="2025-02-04T17:31:57+06:00" level=info msg="start application" func="main.start()" file="app.go:32"
time="2025-02-04T17:31:57+06:00" level=info msg="Detect app path" func="main.start()" file="app.go:38"
time="2025-02-04T17:31:57+06:00" level=info msg="Create socket" func="main.start()" file="app.go:43"
time="2025-02-04T17:31:57+06:00" level=info msg="Listen unix socket" func="main.start()" file="app.go:46"
time="2025-02-04T17:31:57+06:00" level=info msg="Server is listening unix socket: C:\\Users\\DANI(P)C\\GolandProjects\\rest-api-tutorial\\build/app.sock" func="main.start()" file="app.go:48"
time="2025-02-04T17:31:57+06:00" level=fatal msg="listen unix C:\\Users\\DANI(P)C\\GolandProjects\\rest-api-tutorial\\build/app.sock: bind: Only one usage of each socket address (protocol/network address/port) is normally permitted." func="main.start()" file="app.go:56"
time="2025-03-19T01:51:18+06:00" level=info msg="read application configuration" func="rest-api-tutorial/internal/config.GetConfig.func1()" file="config.go:33"
time="2025-03-19T01:51:18+06:00" level=info func="rest-api-tutorial/internal/config.GetConfig.func1()" file="config.go:37"
time="2025-03-19T01:51:18+06:00" level=fatal msg="open config.yml: no such file or directory" func="rest-api-tutorial/internal/config.GetConfig.func1()" file="config.go:38"
time="2025-03-19T01:53:54+06:00" level=info msg="read application configuration" func="rest-api-tutorial/internal/config.GetConfig.func1()" file="config.go:24"
time="2025-03-19T01:53:54+06:00" level=info func="rest-api-tutorial/internal/config.GetConfig.func1()" file="config.go:28"
time="2025-03-19T01:53:54+06:00" level=fatal msg="open config.yml: no such file or directory" func="rest-api-tutorial/internal/config.GetConfig.func1()" file="config.go:29"
time="2025-03-19T01:54:20+06:00" level=info msg="read application configuration" func="rest-api-tutorial/internal/config.GetConfig.func1()" file="config.go:24"
time="2025-03-19T01:54:20+06:00" level=info func="rest-api-tutorial/internal/config.GetConfig.func1()" file="config.go:28"
time="2025-03-19T01:54:20+06:00" level=fatal msg="open Сonfig.yml: no such file or directory" func="rest-api-tutorial/internal/config.GetConfig.func1()" file="config.go:29"
time="2025-03-19T01:54:27+06:00" level=info msg="read application configuration" func="rest-api-tutorial/internal/config.GetConfig.func1()" file="config.go:24"
time="2025-03-19T01:54:27+06:00" level=info func="rest-api-tutorial/internal/config.GetConfig.func1()" file="config.go:28"
time="2025-03-19T01:54:27+06:00" level=fatal msg="open Сonfig.yml: no such file or directory" func="rest-api-tutorial/internal/config.GetConfig.func1()" file="config.go:29"
time="2025-03-19T01:55:43+06:00" level=info msg="read application configuration" func="rest-api-tutorial/internal/config.GetConfig.func1()" file="config.go:24"
time="2025-03-19T13:51:11+06:00" level=info msg="read application configuration" func="rest-api-tutorial/internal/config.GetConfig.func1()" file="config.go:24"
time="2025-03-19T13:51:59+06:00" level=info msg="read application configuration" func="rest-api-tutorial/internal/config.GetConfig.func1()" file="config.go:24"
time="2025-03-19T14:00:33+06:00" level=info msg="read application configuration" func="rest-api-tutorial/internal/config.GetConfig.func1()" file="config.go:24"
time="2025-03-19T14:01:12+06:00" level=info msg="read application configuration" func="rest-api-tutorial/internal/config.GetConfig.func1()" file="config.go:24"
time="2025-03-19T14:01:37+06:00" level=fatal msg="could not connect to PostgreSQL after 5 attempts: failed to connect to `host=localhost user=postgres database=test`: dial error (dial tcp 127.0.0.1:5432: connect: connection refused)" func="main.main()" file="app.go:36"
time="2025-03-19T14:02:23+06:00" level=info msg="read application configuration" func="rest-api-tutorial/internal/config.GetConfig.func1()" file="config.go:24"
time="2025-03-19T14:05:40+06:00" level=info msg="reading application configuration" func="rest-api-tutorial/internal/config.GetConfig.func1()" file="config.go:32"
time="2025-03-19T14:08:32+06:00" level=info msg="reading application configuration" func="rest-api-tutorial/internal/config.GetConfig.func1()" file="config.go:32"
time="2025-03-19T14:08:42+06:00" level=info msg="reading application configuration" func="rest-api-tutorial/internal/config.GetConfig.func1()" file="config.go:32"
time="2025-03-19T14:09:06+06:00" level=fatal msg="could not connect to PostgreSQL after 5 attempts: failed to connect to `host=localhost user=postgres database=test`: dial error (dial tcp 127.0.0.1:5432: connect: connection refused)" func="main.main()" file="app.go:36"
time="2025-03-19T14:12:24+06:00" level=info msg="reading application configuration" func="rest-api-tutorial/internal/config.GetConfig.func1()" file="config.go:32"
time="2025-03-19T14:13:23+06:00" level=info msg="reading application configuration" func="rest-api-tutorial/internal/config.GetConfig.func1()" file="config.go:32"
time="2025-03-19T14:29:34+06:00" level=info msg="reading application configuration" func="rest-api-tutorial/internal/config.GetConfig.func1()" file="config.go:32"
time="2025-03-19T15:02:32+06:00" level=info msg="reading application configuration" func="rest-api-tutorial/internal/config.GetConfig.func1()" file="config.go:32"
time="2025-03-19T15:02:56+06:00" level=fatal msg="could not connect to PostgreSQL after 5 attempts: failed to connect to `host=localhost user=postgres database=test`: dial error (dial tcp 127.0.0.1:5432: connect: connection refused)" func="main.main()" file="app.go:36"
time="2025-03-19T15:08:28+06:00" level=info msg="reading application configuration" func="rest-api-tutorial/internal/config.GetConfig.func1()" file="config.go:32"
time="2025-03-19T15:08:52+06:00" level=fatal msg="could not connect to PostgreSQL after 5 attempts: failed to connect to `host=localhost user=postgres database=test`: dial error (dial tcp 127.0.0.1:5432: connect: connection refused)" func="main.main()" file="app.go:36"
time="2025-03-19T21:18:48+06:00" level=info msg="reading application configuration" func="rest-api-tutorial/internal/config.GetConfig.func1()" file="config.go:32"
time="2025-03-22T01:14:50+06:00" level=info msg="reading application configuration" func="rest-api-tutorial/internal/config.GetConfig.func1()" file="config.go:40"
time="2025-03-22T16:43:18+06:00" level=info msg="reading application configuration" func="rest-api-tutorial/internal/config.GetConfig.func1()" file="config.go:39"
time="2025-03-22T16:43:43+06:00" level=fatal msg="could not connect to PostgreSQL after 5 attempts: failed to connect to `host=localhost user=st1txh database=mydb`: dial error (dial tcp 127.0.0.1:5432: connect: connection refused)" func="main.main()" file="app.go:34"
time="2025-03-23T19:21:50+06:00" level=info msg="reading application configuration" func="rest-api-tutorial/internal/config.GetConfig.func1()" file="config.go:39"
time="2025-03-23T19:22:06+06:00" level=info msg="reading application configuration" func="rest-api-tutorial/internal/config.GetConfig.func1()" file="config.go:39"
time="2025-03-23T19:22:36+06:00" level=info msg="reading application configuration" func="rest-api-tutorial/internal/config.GetConfig.func1()" file="config.go:39"
time="2025-03-23T19:23:01+06:00" level=fatal msg="could not connect to PostgreSQL after 5 attempts: failed to connect to `host=localhost user=postgres database=mydb`: dial error (dial tcp 127.0.0.1:5432: connect: connection refused)" func="main.main()" file="app.go:34"
time="2025-03-23T19:23:34+06:00" level=info msg="reading application configuration" func="rest-api-tutorial/internal/config.GetConfig.func1()" file="config.go:39"
time="2025-03-23T19:23:53+06:00" level=info msg="reading application configuration" func="rest-api-tutorial/internal/config.GetConfig.func1()" file="config.go:39"
time="2025-03-23T19:24:18+06:00" level=fatal msg="could not connect to PostgreSQL after 5 attempts: failed to connect to `host=localhost user=postgres database=postgres`: dial error (dial tcp 127.0.0.1:5432: connect: connection refused)" func="main.main()" file="app.go:34"
time="2025-03-23T19:25:08+06:00" level=info msg="reading application configuration" func="rest-api-tutorial/internal/config.GetConfig.func1()" file="config.go:39"
time="2025-03-23T19:25:32+06:00" level=fatal msg="could not connect to PostgreSQL after 5 attempts: failed to connect to `host=localhost user=postgres database=mydb`: dial error (dial tcp 127.0.0.1:5432: connect: connection refused)" func="main.main()" file="app.go:34"
time="2025-03-23T19:48:45+06:00" level=info msg="reading application configuration" func="rest-api-tutorial/internal/config.GetConfig.func1()" file="config.go:39"
time="2025-03-23T19:55:35+06:00" level=info msg="reading application configuration" func="rest-api-tutorial/internal/config.GetConfig.func1()" file="config.go:39"
time="2025-03-23T19:55:35+06:00" level=fatal msg="could not connect to PostgreSQL after 5 attempts: failed to connect to `host=localhost user=postgres database=mydb`: dial error (dial tcp 127.0.0.1:5432: connect: connection refused)" func="main.main()" file="app.go:34"
time="2025-03-23T19:56:29+06:00" level=info msg="reading application configuration" func="rest-api-tutorial/internal/config.GetConfig.func1()" file="config.go:39"
time="2025-03-23T19:56:29+06:00" level=fatal msg="could not connect to PostgreSQL after 5 attempts: failed to connect to `host=localhost user=postgres database=mydb`: dial error (dial tcp 127.0.0.1:5432: connect: connection refused)" func="main.main()" file="app.go:34"
time="2025-03-23T19:57:55+06:00" level=info msg="reading application configuration" func="rest-api-tutorial/internal/config.GetConfig.func1()" file="config.go:39"
time="2025-03-23T19:57:55+06:00" level=info msg="Starting application..." func="main.start()" file="app.go:50"
time="2025-03-23T19:57:55+06:00" level=info msg="Listen tcp" func="main.start()" file="app.go:68"
time="2025-03-23T19:57:55+06:00" level=info msg="Server is listening port localhost:8080" func="main.start()" file="app.go:70"
time="2025-03-23T19:59:28+06:00" level=info msg="reading application configuration" func="rest-api-tutorial/internal/config.GetConfig.func1()" file="config.go:39"
time="2025-03-23T19:59:52+06:00" level=fatal msg="could not connect to PostgreSQL after 5 attempts: failed to connect to `host=localhost user=postgres database=mydb`: dial error (dial tcp 127.0.0.1:5432: connect: connection refused)" func="main.main()" file="app.go:34"
time="2025-03-23T20:00:15+06:00" level=info msg="reading application configuration" func="rest-api-tutorial/internal/config.GetConfig.func1()" file="config.go:39"
time="2025-03-23T20:00:15+06:00" level=info msg="Starting application..." func="main.start()" file="app.go:50"
time="2025-03-23T20:00:15+06:00" level=info msg="Listen tcp" func="main.start()" file="app.go:68"
time="2025-03-23T20:00:15+06:00" level=info msg="Server is listening port localhost:8080" func="main.start()" file="app.go:70"
time="2025-03-23T21:17:26+06:00" level=info msg="reading application configuration" func="rest-api-tutorial/internal/config.GetConfig.func1()" file="config.go:39"
time="2025-03-23T21:17:26+06:00" level=info msg="Starting application..." func="main.start()" file="app.go:50"
time="2025-03-23T21:17:26+06:00" level=info msg="Listen tcp" func="main.start()" file="app.go:68"
time="2025-03-23T21:17:26+06:00" level=info msg="Server is listening port localhost:8080" func="main.start()" file="app.go:70"
time="2025-03-23T21:24:43+06:00" level=info msg="reading application configuration" func="rest-api-tutorial/internal/config.GetConfig.func1()" file="config.go:39"
time="2025-03-23T21:24:43+06:00" level=info msg="Starting application..." func="main.start()" file="app.go:50"
time="2025-03-23T21:24:43+06:00" level=info msg="Listen tcp" func="main.start()" file="app.go:68"
time="2025-03-23T21:24:43+06:00" level=info msg="Server is listening port localhost:8080" func="main.start()" file="app.go:70"
time="2025-03-23T21:25:44+06:00" level=info msg="reading application configuration" func="rest-api-tutorial/internal/config.GetConfig.func1()" file="config.go:39"
time="2025-03-23T21:25:44+06:00" level=info msg="Starting application..." func="main.start()" file="app.go:50"
time="2025-03-23T21:25:44+06:00" level=info msg="Listen tcp" func="main.start()" file="app.go:68"
time="2025-03-23T21:25:44+06:00" level=info msg="Server is listening port localhost:8080" func="main.start()" file="app.go:70"
time="2025-03-24T22:13:55+06:00" level=info msg="Reading application configuration" func="rest-api-tutorial/internal/config.GetConfig.func1()" file="config.go:40"
time="2025-03-24T22:13:55+06:00" level=info func="rest-api-tutorial/internal/config.GetConfig.func1()" file="config.go:44"
time="2025-03-24T22:13:55+06:00" level=fatal msg="open config.yml: no such file or directory" func="rest-api-tutorial/internal/config.GetConfig.func1()" file="config.go:45"
time="2025-03-24T22:14:24+06:00" level=info msg="Reading application configuration" func="rest-api-tutorial/internal/config.GetConfig.func1()" file="config.go:40"
time="2025-03-24T22:14:24+06:00" level=info msg="Starting application..." func="main.start()" file="app.go:66"
time="2025-03-24T22:14:24+06:00" level=info msg="Server is listening port :8080" func="main.start()" file="app.go:86"
time="2025-03-24T22:15:03+06:00" level=info msg="Reading application configuration" func="rest-api-tutorial/internal/config.GetConfig.func1()" file="config.go:40"
time="2025-03-24T22:15:03+06:00" level=info msg="Starting application..." func="main.start()" file="app.go:66"
time="2025-03-24T22:15:03+06:00" level=info msg="Server is listening port :8080" func="main.start()" file="app.go:86"
time="2025-03-24T22:15:35+06:00" level=info msg="Reading application configuration" func="rest-api-tutorial/internal/config.GetConfig.func1()" file="config.go:40"
time="2025-03-24T22:15:35+06:00" level=info msg="Starting application..." func="main.start()" file="app.go:66"
time="2025-03-24T22:15:35+06:00" level=info msg="Server is listening port :8080" func="main.start()" file="app.go:86"
time="2025-03-24T22:20:57+06:00" level=info msg="Reading application configuration" func="rest-api-tutorial/internal/config.GetConfig.func1()" file="config.go:40"
time="2025-03-24T22:20:57+06:00" level=info msg="Starting application..." func="main.start()" file="app.go:66"
time="2025-03-24T22:20:57+06:00" level=info msg="Server is listening port :8080" func="main.start()" file="app.go:86"
time="2025-03-24T22:21:14+06:00" level=info msg="Reading application configuration" func="rest-api-tutorial/internal/config.GetConfig.func1()" file="config.go:40"
time="2025-03-24T22:21:14+06:00" level=info msg="Starting application..." func="main.start()" file="app.go:66"
time="2025-03-24T22:21:14+06:00" level=info msg="Server is listening port :8080" func="main.start()" file="app.go:86"
time="2025-03-24T22:23:28+06:00" level=info msg="Reading application configuration" func="rest-api-tutorial/internal/config.GetConfig.func1()" file="config.go:40"
time="2025-03-24T22:23:28+06:00" level=info msg="Starting application..." func="main.start()" file="app.go:66"
time="2025-03-24T22:23:28+06:00" level=info msg="Server is listening port :8080" func="main.start()" file="app.go:86"
time="2025-03-24T22:27:29+06:00" level=info msg="Reading application configuration" func="rest-api-tutorial/internal/config.GetConfig.func1()" file="config.go:40"
time="2025-03-24T22:27:29+06:00" level=info msg="Starting application..." func="main.start()" file="app.go:66"
time="2025-03-24T22:27:29+06:00" level=info msg="Server is listening port :8080" func="main.start()" file="app.go:86"
time="2025-03-24T23:00:57+06:00" level=info msg="Reading application configuration" func="rest-api-tutorial/internal/config.GetConfig.func1()" file="config.go:40"
time="2025-03-24T23:00:57+06:00" level=info msg="Starting application..." func="main.start()" file="app.go:65"
time="2025-03-24T23:00:57+06:00" level=info msg="Server is listening port :8080" func="main.start()" file="app.go:85"
time="2025-03-25T00:50:50+06:00" level=info msg="Reading application configuration" func="rest-api-tutorial/internal/config.GetConfig.func1()" file="config.go:40"
time="2025-03-25T00:50:50+06:00" level=info msg="Starting application..." func="main.start()" file="app.go:65"
time="2025-03-25T00:50:50+06:00" level=info msg="Server is listening port :8080" func="main.start()" file="app.go:85"
time="2025-03-25T16:06:35+06:00" level=info msg="Reading application configuration" func="rest-api-tutorial/internal/config.GetConfig.func1()" file="config.go:40"
time="2025-03-25T16:06:35+06:00" level=info msg="Starting application..." func="main.start()" file="app.go:65"
time="2025-03-25T16:06:35+06:00" level=info msg="Server is listening port :8080" func="main.start()" file="app.go:85"
time="2025-03-25T17:12:54+06:00" level=info msg="Reading application configuration" func="rest-api-tutorial/internal/config.GetConfig.func1()" file="config.go:40"
time="2025-03-25T17:12:54+06:00" level=info msg="Starting application..." func="main.start()" file="app.go:65"
time="2025-03-25T17:12:54+06:00" level=info msg="Server is listening port :8080" func="main.start()" file="app.go:85"
time="2025-03-26T00:45:00+06:00" level=info msg="Reading application configuration" func="rest-api-tutorial/internal/config.GetConfig.func1()" file="config.go:40"
time="2025-03-26T00:45:00+06:00" level=info msg="Starting application..." func="main.start()" file="app.go:65"
time="2025-03-26T00:45:00+06:00" level=info msg="Server is listening port :8080" func="main.start()" file="app.go:85"
time="2025-03-26T00:46:56+06:00" level=info msg="Reading application configuration" func="rest-api-tutorial/internal/config.GetConfig.func1()" file="config.go:40"
time="2025-03-26T00:46:56+06:00" level=info msg="Starting application..." func="main.start()" file="app.go:65"
time="2025-03-26T00:46:56+06:00" level=info msg="Server is listening port :8080" func="main.start()" file="app.go:85"
time="2025-03-26T00:48:57+06:00" level=info msg="Reading application configuration" func="rest-api-tutorial/internal/config.GetConfig.func1()" file="config.go:40"
time="2025-03-26T00:48:57+06:00" level=info msg="Starting application..." func="main.start()" file="app.go:65"
time="2025-03-26T00:48:57+06:00" level=info msg="Server is listening port :8080" func="main.start()" file="app.go:85"
time="2025-03-26T15:23:26+06:00" level=info msg="Reading application configuration" func="rest-api-tutorial/internal/config.GetConfig.func1()" file="config.go:40"
time="2025-03-26T15:23:26+06:00" level=info msg="Starting application..." func="main.start()" file="app.go:65"
time="2025-03-26T15:23:26+06:00" level=info msg="Server is listening port :8080" func="main.start()" file="app.go:85"
time="2025-03-26T15:27:57+06:00" level=info msg="Reading application configuration" func="rest-api-tutorial/internal/config.GetConfig.func1()" file="config.go:40"
time="2025-03-26T15:27:57+06:00" level=info msg="Starting application..." func="main.start()" file="app.go:61"
time="2025-03-26T15:27:57+06:00" level=info msg="Server is listening port :8080" func="main.start()" file="app.go:81"
time="2025-03-26T15:32:45+06:00" level=info msg="Reading application configuration" func="rest-api-tutorial/internal/config.GetConfig.func1()" file="config.go:40"
time="2025-03-26T15:32:45+06:00" level=info msg="Starting application..." func="main.start()" file="app.go:61"
time="2025-03-26T15:32:45+06:00" level=info msg="Server is listening port :8080" func="main.start()" file="app.go:81"
time="2025-03-26T15:33:04+06:00" level=info msg="Reading application configuration" func="rest-api-tutorial/internal/config.GetConfig.func1()" file="config.go:40"
time="2025-03-26T15:33:04+06:00" level=info msg="Starting application..." func="main.start()" file="app.go:61"
time="2025-03-26T15:33:04+06:00" level=info msg="Server is listening port :8080" func="main.start()" file="app.go:81"
time="2025-03-26T16:05:22+06:00" level=info msg="Reading application configuration" func="rest-api-tutorial/internal/config.GetConfig.func1()" file="config.go:40"
time="2025-03-26T16:05:22+06:00" level=info msg="Starting application..." func="main.start()" file="app.go:61"
time="2025-03-26T16:05:22+06:00" level=info msg="Server is listening port :8080" func="main.start()" file="app.go:81"
time="2025-03-26T16:09:20+06:00" level=info msg="Reading application configuration" func="rest-api-tutorial/internal/config.GetConfig.func1()" file="config.go:40"
time="2025-03-26T16:09:20+06:00" level=info msg="Starting application..." func="main.start()" file="app.go:61"
time="2025-03-26T16:09:20+06:00" level=info msg="Server is listening port :8080" func="main.start()" file="app.go:81"
time="2025-03-26T16:15:09+06:00" level=info msg="Reading application configuration" func="rest-api-tutorial/internal/config.GetConfig.func1()" file="config.go:40"
time="2025-03-26T16:15:09+06:00" level=info msg="Starting application..." func="main.start()" file="app.go:61"
time="2025-03-26T16:15:09+06:00" level=info msg="Server is listening port :8080" func="main.start()" file="app.go:81"
time="2025-03-26T16:15:13+06:00" level=info msg="Reading application configuration" func="rest-api-tutorial/internal/config.GetConfig.func1()" file="config.go:40"
time="2025-03-26T16:15:13+06:00" level=info msg="Starting application..." func="main.start()" file="app.go:61"
time="2025-03-26T16:15:13+06:00" level=info msg="Server is listening port :8080" func="main.start()" file="app.go:81"
time="2025-03-26T16:15:13+06:00" level=fatal msg="listen tcp :8080: bind: address already in use" func="main.start()" file="app.go:85"
time="2025-03-26T16:15:35+06:00" level=info msg="Reading application configuration" func="rest-api-tutorial/internal/config.GetConfig.func1()" file="config.go:40"
time="2025-03-26T16:15:35+06:00" level=info msg="Starting application..." func="main.start()" file="app.go:61"
time="2025-03-26T16:15:35+06:00" level=info msg="Server is listening port :8080" func="main.start()" file="app.go:81"
time="2025-03-26T16:20:53+06:00" level=info msg="Reading application configuration" func="rest-api-tutorial/internal/config.GetConfig.func1()" file="config.go:40"
time="2025-03-26T16:20:53+06:00" level=info msg="Starting application..." func="main.start()" file="app.go:61"
time="2025-03-26T16:20:53+06:00" level=info msg="Server is listening port :8080" func="main.start()" file="app.go:81"
time="2025-03-26T16:28:35+06:00" level=info msg="Reading application configuration" func="rest-api-tutorial/internal/config.GetConfig.func1()" file="config.go:40"
time="2025-03-26T16:28:35+06:00" level=info msg="Starting application..." func="main.start()" file="app.go:61"
time="2025-03-26T16:28:35+06:00" level=info msg="Server is listening port :8080" func="main.start()" file="app.go:81"
time="2025-03-26T16:28:37+06:00" level=info msg="Reading application configuration" func="rest-api-tutorial/internal/config.GetConfig.func1()" file="config.go:40"
time="2025-03-26T16:28:37+06:00" level=info msg="Starting application..." func="main.start()" file="app.go:61"
time="2025-03-26T16:28:37+06:00" level=info msg="Server is listening port :8080" func="main.start()" file="app.go:81"
time="2025-03-26T16:28:37+06:00" level=fatal msg="listen tcp :8080: bind: address already in use" func="main.start()" file="app.go:85"
time="2025-05-08T02:45:03+06:00" level=info msg="Reading application configuration" func="rest-api-tutorial/internal/config.GetConfig.func1()" file="config.go:40"
time="2025-05-08T02:45:03+06:00" level=info msg="Starting application..." func="main.start()" file="app.go:61"
time="2025-05-08T02:45:03+06:00" level=info msg="Server is listening port :8080" func="main.start()" file="app.go:81"
time="2025-06-15T19:41:55+06:00" level=info msg="Reading application configuration" func="rest-api-tutorial/internal/config.GetConfig.func1()" file="config.go:40"
time="2025-06-15T19:41:55+06:00" level=fatal msg="could not connect to PostgreSQL after 5 attempts: failed to connect to `host=localhost user=postgres database=mydb`: failed SASL auth (FATAL: password authentication failed for user \"postgres\" (SQLSTATE 28P01))" func="main.main()" file="app.go:33"
time="2025-06-15T19:46:59+06:00" level=info msg="Reading application configuration" func="rest-api-tutorial/internal/config.GetConfig.func1()" file="config.go:40"
time="2025-06-15T19:46:59+06:00" level=fatal msg="could not connect to PostgreSQL after 5 attempts: failed to connect to `host=localhost user=postgres database=postgres`: failed SASL auth (FATAL: password authentication failed for user \"postgres\" (SQLSTATE 28P01))" func="main.main()" file="app.go:33"
time="2025-06-15T19:48:20+06:00" level=info msg="Reading application configuration" func="rest-api-tutorial/internal/config.GetConfig.func1()" file="config.go:40"
time="2025-06-15T19:48:20+06:00" level=fatal msg="could not connect to PostgreSQL after 5 attempts: failed to connect to `host=localhost user=postgres database=postgres`: failed SASL auth (FATAL: password authentication failed for user \"postgres\" (SQLSTATE 28P01))" func="main.main()" file="app.go:33"
time="2025-06-15T19:49:40+06:00" level=info msg="Reading application configuration" func="rest-api-tutorial/internal/config.GetConfig.func1()" file="config.go:40"
time="2025-06-15T19:49:40+06:00" level=fatal msg="could not connect to PostgreSQL after 5 attempts: failed to connect to `host=localhost user=st1txh database=postgres`: failed SASL auth (FATAL: password authentication failed for user \"st1txh\" (SQLSTATE 28P01))" func="main.main()" file="app.go:33"
time="2025-06-15T19:50:13+06:00" level=info msg="Reading application configuration" func="rest-api-tutorial/internal/config.GetConfig.func1()" file="config.go:40"
time="2025-06-15T19:50:13+06:00" level=fatal msg="could not connect to PostgreSQL after 5 attempts: failed to connect to `host=localhost user=postgres database=postgres`: failed SASL auth (FATAL: password authentication failed for user \"postgres\" (SQLSTATE 28P01))" func="main.main()" file="app.go:33"
time="2025-06-17T14:13:33+06:00" level=info msg="Reading application configuration" func="rest-api-tutorial/internal/config.GetConfig.func1()" file="config.go:40"
time="2025-06-17T14:13:59+06:00" level=info msg="Starting application..." func="main.start()" file="app.go:61"
time="2025-06-17T14:13:59+06:00" level=info msg="Server is listening port :8080" func="main.start()" file="app.go:81"
time="2025-06-17T14:15:18+06:00" level=info msg="Reading application configuration" func="rest-api-tutorial/internal/config.GetConfig.func1()" file="config.go:40"
time="2025-06-17T14:15:26+06:00" level=info msg="Reading application configuration" func="rest-api-tutorial/internal/config.GetConfig.func1()" file="config.go:40"
time="2025-06-17T14:15:26+06:00" level=info msg="Starting application..." func="main.start()" file="app.go:61"
time="2025-06-17T14:15:26+06:00" level=info msg="Server is listening port :8080" func="main.start()" file="app.go:81"
time="2025-06-17T14:15:35+06:00" level=info msg="Reading application configuration" func="rest-api-tutorial/internal/config.GetConfig.func1()" file="config.go:40"
time="2025-06-17T14:15:35+06:00" level=info msg="Starting application..." func="main.start()" file="app.go:61"
time="2025-06-17T14:15:35+06:00" level=info msg="Server is listening port :8080" func="main.start()" file="app.go:81"
time="2025-06-17T14:15:50+06:00" level=info msg="Reading application configuration" func="rest-api-tutorial/internal/config.GetConfig.func1()" file="config.go:40"
time="2025-06-17T14:16:14+06:00" level=info msg="Reading application configuration" func="rest-api-tutorial/internal/config.GetConfig.func1()" file="config.go:40"
time="2025-06-17T14:16:14+06:00" level=info msg="Starting application..." func="main.start()" file="app.go:61"
time="2025-06-17T14:16:14+06:00" level=info msg="Server is listening port :8080" func="main.start()" file="app.go:81"
time="2025-06-17T14:21:38+06:00" level=info msg="Reading application configuration" func="rest-api-tutorial/internal/config.GetConfig.func1()" file="config.go:40"
time="2025-06-17T14:21:38+06:00" level=info msg="Starting application..." func="main.start()" file="app.go:61"
time="2025-06-17T14:21:38+06:00" level=info msg="Server is listening port :8080" func="main.start()" file="app.go:81"
time="2025-06-17T14:24:36+06:00" level=info msg="Reading application configuration" func="rest-api-tutorial/internal/config.GetConfig.func1()" file="config.go:40"
time="2025-06-17T14:24:36+06:00" level=info msg="Starting application..." func="main.start()" file="app.go:61"
time="2025-06-17T14:24:36+06:00" level=info msg="Server is listening port :8080" func="main.start()" file="app.go:81"
time="2025-06-17T14:27:18+06:00" level=info msg="Reading application configuration" func="rest-api-tutorial/internal/config.GetConfig.func1()" file="config.go:40"
time="2025-06-17T14:27:43+06:00" level=fatal msg="could not connect to PostgreSQL after 5 attempts: %!w(<nil>)" func="main.main()" file="app.go:33"
time="2025-06-17T14:29:26+06:00" level=info msg="Reading application configuration" func="rest-api-tutorial/internal/config.GetConfig.func1()" file="config.go:40"
time="2025-06-17T14:29:36+06:00" level=info msg="Reading application configuration" func="rest-api-tutorial/internal/config.GetConfig.func1()" file="config.go:40"
time="2025-06-17T14:29:36+06:00" level=info msg="Starting application..." func="main.start()" file="app.go:61"
time="2025-06-17T14:29:36+06:00" level=info msg="Server is listening port :8080" func="main.start()" file="app.go:81"
time="2025-06-17T14:42:16+06:00" level=info msg="Reading application configuration" func="rest-api-tutorial/internal/config.GetConfig.func1()" file="config.go:40"
time="2025-06-17T14:42:16+06:00" level=info msg="Starting application..." func="main.start()" file="app.go:61"
time="2025-06-17T14:42:16+06:00" level=info msg="Server is listening port :8080" func="main.start()" file="app.go:81"
time="2025-06-17T14:44:30+06:00" level=info msg="Reading application configuration" func="rest-api-tutorial/internal/config.GetConfig.func1()" file="config.go:40"
time="2025-06-17T14:44:30+06:00" level=info msg="Starting application..." func="main.start()" file="app.go:61"
time="2025-06-17T14:44:30+06:00" level=info msg="Server is listening port :8080" func="main.start()" file="app.go:81"
time="2025-06-17T14:45:55+06:00" level=info msg="Reading application configuration" func="rest-api-tutorial/internal/config.GetConfig.func1()" file="config.go:40"
time="2025-06-17T14:45:55+06:00" level=info msg="Starting application..." func="main.start()" file="app.go:61"
time="2025-06-17T14:45:55+06:00" level=info msg="Server is listening port :8080" func="main.start()" file="app.go:81"
time="2025-06-17T14:47:41+06:00" level=info msg="Reading application configuration" func="rest-api-tutorial/internal/config.GetConfig.func1()" file="config.go:40"
time="2025-06-17T14:47:41+06:00" level=info msg="Starting application..." func="main.start()" file="app.go:61"
time="2025-06-17T14:47:41+06:00" level=info msg="Server is listening port :8080" func="main.start()" file="app.go:81"
time="2025-06-17T14:50:11+06:00" level=info msg="Reading application configuration" func="rest-api-tutorial/internal/config.GetConfig.func1()" file="config.go:40"
time="2025-06-17T14:50:11+06:00" level=info msg="Starting application..." func="main.start()" file="app.go:61"
time="2025-06-17T14:50:11+06:00" level=info msg="Server is listening port :8080" func="main.start()" file="app.go:81"
time="2025-06-17T14:51:09+06:00" level=info msg="Reading application configuration" func="rest-api-tutorial/internal/config.GetConfig.func1()" file="config.go:40"
time="2025-06-17T14:51:09+06:00" level=info msg="Starting application..." func="main.start()" file="app.go:61"
time="2025-06-17T14:51:09+06:00" level=info msg="Server is listening port :8080" func="main.start()" file="app.go:81"
time="2025-06-17T14:53:26+06:00" level=info msg="Reading application configuration" func="rest-api-tutorial/internal/config.GetConfig.func1()" file="config.go:40"
time="2025-06-17T14:53:26+06:00" level=info msg="Starting application..." func="main.start()" file="app.go:61"
time="2025-06-17T14:53:26+06:00" level=info msg="Server is listening port :8080" func="main.start()" file="app.go:81"
time="2025-06-17T14:56:18+06:00" level=info msg="Reading application configuration" func="rest-api-tutorial/internal/config.GetConfig.func1()" file="config.go:40"
time="2025-06-17T14:56:18+06:00" level=info msg="Server is listening on :8080" func="main.startServer()" file="app.go:121"
time="2025-06-17T14:56:18+06:00" level=info msg="Application started successfully" func="main.startServer()" file="app.go:135"
time="2025-06-17T20:38:06+06:00" level=info msg="Reading application configuration" func="rest-api-tutorial/internal/config.GetConfig.func1()" file="config.go:40"
time="2025-06-17T20:38:06+06:00" level=info msg="Server is listening on :8080" func="main.startServer()" file="app.go:121"
time="2025-06-17T20:38:06+06:00" level=info msg="Application started successfully" func="main.startServer()" file="app.go:135"
time="2025-06-17T21:47:16+06:00" level=info msg="Reading application configuration" func="rest-api-tutorial/internal/config.GetConfig.func1()" file="config.go:40"
time="2025-06-17T21:47:16+06:00" level=info msg="Server is listening on :8080" func="main.startServer()" file="app.go:121"
time="2025-06-17T21:47:16+06:00" level=info msg="Application started successfully" func="main.startServer()" file="app.go:135"
time="2025-06-18T01:36:32+06:00" level=info msg="Reading application configuration" func="rest-api-tutorial/internal/config.GetConfig.func1()" file="config.go:40"
time="2025-06-18T01:36:32+06:00" level=info msg="Server is listening on :8080" func="main.startServer()" file="app.go:121"
time="2025-06-18T01:36:32+06:00" level=info msg="Application started successfully" func="main.startServer()" file="app.go:135"
time="2025-06-18T13:36:52+06:00" level=info msg="Reading application configuration" func="rest-api-tutorial/internal/config.GetConfig.func1()" file="config.go:40"
time="2025-06-18T13:36:52+06:00" level=info msg="Server is listening on :8080" func="main.startServer()" file="app.go:121"
time="2025-06-18T13:36:52+06:00" level=info msg="Application started successfully" func="main.startServer()" file="app.go:135"
time="2025-06-18T14:21:09+06:00" level=info msg="Reading application configuration" func="rest-api-tutorial/internal/config.GetConfig.func1()" file="config.go:40"
time="2025-06-18T14:21:09+06:00" level=info msg="Server is listening on :8080" func="main.startServer()" file="app.go:121"
time="2025-06-18T14:21:09+06:00" level=info msg="Application started successfully" func="main.startServer()" file="app.go:135"
time="2025-06-18T15:50:34+06:00" level=info msg="Reading application configuration" func="rest-api-tutorial/internal/config.GetConfig.func1()" file="config.go:40"
time="2025-06-18T15:50:34+06:00" level=info msg="Server is listening on :8080" func="main.startServer()" file="app.go:122"
time="2025-06-18T15:50:34+06:00" level=info msg="Application started successfully" func="main.startServer()" file="app.go:136"
time="2025-06-18T15:50:46+06:00" level=warning msg="User not found: 6354435a-e8c2-4ee7-9b3b-21f3df9b6b22" func="rest-api-tutorial/internal/user.(*Storage).FindOne()" file="storage.go:59"
time="2025-06-18T15:56:55+06:00" level=error msg="Failed to get user: ERROR: invalid input syntax for type uuid: \"6354435a-e8c2-4ee7-9b3b-21f3df9b6b2\" (SQLSTATE 22P02)" func="rest-api-tutorial/internal/user.(*Storage).FindOne()" file="storage.go:62"
time="2025-06-19T04:33:02+06:00" level=info msg="Reading application configuration" func="rest-api-tutorial/internal/config.GetConfig.func1()" file="config.go:40"
time="2025-06-19T04:33:56+06:00" level=info msg="Reading application configuration" func="rest-api-tutorial/internal/config.GetConfig.func1()" file="config.go:40"
time="2025-06-19T04:33:56+06:00" level=info msg="Server is listening on :8080" func="main.startServer()" file="app.go:131"
time="2025-06-19T04:33:56+06:00" level=info msg="Application started successfully" func="main.startServer()" file="app.go:145"
time="2025-06-19T04:38:21+06:00" level=info msg="Reading application configuration" func="rest-api-tutorial/internal/config.GetConfig.func1()" file="config.go:40"
time="2025-06-19T04:38:21+06:00" level=info msg="Server is listening on :8080" func="main.startServer()" file="app.go:131"
time="2025-06-19T04:38:21+06:00" level=info msg="Application started successfully" func="main.startServer()" file="app.go:145"
time="2025-06-19T04:41:22+06:00" level=info msg="Reading application configuration" func="rest-api-tutorial/internal/config.GetConfig.func1()" file="config.go:40"
time="2025-06-19T04:41:23+06:00" level=info msg="Server is listening on :8080" func="main.startServer()" file="app.go:131"
time="2025-06-19T04:41:23+06:00" level=info msg="Application started successfully" func="main.startServer()" file="app.go:145"
time="2025-06-19T04:42:06+06:00" level=info msg="Reading application configuration" func="rest-api-tutorial/internal/config.GetConfig.func1()" file="config.go:40"
time="2025-06-19T04:42:06+06:00" level=info msg="Server is listening on :8080" func="main.startServer()" file="app.go:131"
time="2025-06-19T04:42:06+06:00" level=info msg="Application started successfully" func="main.startServer()" file="app.go:145"
time="2025-06-19T04:46:06+06:00" level=info msg="Reading application configuration" func="rest-api-tutorial/internal/config.GetConfig.func1()" file="config.go:40"
time="2025-06-19T04:46:06+06:00" level=info msg="Server is listening on :8080" func="main.startServer()" file="app.go:131"
time="2025-06-19T04:46:06+06:00" level=info msg="Application started successfully" func="main.startServer()" file="app.go:145"
time="2025-06-19T04:49:08+06:00" level=info msg="Reading application configuration" func="rest-api-tutorial/internal/config.GetConfig.func1()" file="config.go:40"
time="2025-06-19T04:49:08+06:00" level=info msg="Server is listening on :8080" func="main.startServer()" file="app.go:131"
time="2025-06-19T04:49:08+06:00" level=info msg="Application started successfully" func="main.startServer()" file="app.go:145"
time="2025-06-19T04:53:42+06:00" level=info msg="Reading application configuration" func="rest-api-tutorial/internal/config.GetConfig.func1()" file="config.go:40"
time="2025-06-19T04:53:42+06:00" level=info msg="Server is listening on :8080" func="main.startServer()" file="app.go:131"
time="2025-06-19T04:53:42+06:00" level=info msg="Application started successfully" func="main.startServer()" file="app.go:145"
time="2025-06-19T04:54:58+06:00" level=info msg="Reading application configuration" func="rest-api-tutorial/internal/config.GetConfig.func1()" file="config.go:40"
time="2025-06-19T04:54:58+06:00" level=info msg="Server is listening on :8080" func="main.startServer()" file="app.go:131"
time="2025-06-19T04:54:58+06:00" level=info msg="Application started successfully" func="main.startServer()" file="app.go:145"
time="2025-06-19T04:58:56+06:00" level=info msg="Reading application configuration" func="rest-api-tutorial/internal/config.GetConfig.func1()" file="config.go:40"
time="2025-06-19T04:58:56+06:00" level=info msg="Server is listening on :8080" func="main.startServer()" file="app.go:131"
time="2025-06-19T04:58:56+06:00" level=info msg="Application started successfully" func="main.startServer()" file="app.go:145"
time="2025-06-19T04:59:24+06:00" level=info msg="Reading application configuration" func="rest-api-tutorial/internal/config.GetConfig.func1()" file="config.go:40"
time="2025-06-19T04:59:24+06:00" level=info msg="Server is listening on :8080" func="main.startServer()" file="app.go:131"
time="2025-06-19T04:59:24+06:00" level=info msg="Application started successfully" func="main.startServer()" file="app.go:145"
time="2025-06-19T05:00:14+06:00" level=info msg="Reading application configuration" func="rest-api-tutorial/internal/config.GetConfig.func1()" file="config.go:40"
time="2025-06-19T05:00:14+06:00" level=info msg="Server is listening on :8080" func="main.startServer()" file="app.go:131"
time="2025-06-19T05:00:14+06:00" level=info msg="Application started successfully" func="main.startServer()" file="app.go:145"
time="2025-06-19T05:07:10+06:00" level=info msg="Reading application configuration" func="rest-api-tutorial/internal/config.GetConfig.func1()" file="config.go:40"
time="2025-06-19T05:07:10+06:00" level=info msg="Server is listening on :8080" func="main.startServer()" file="app.go:131"
time="2025-06-19T05:07:10+06:00" level=info msg="Application started successfully" func="main.startServer()" file="app.go:145"
time="2025-06-19T11:46:14+06:00" level=info msg="Reading application configuration" func="rest-api-tutorial/internal/config.GetConfig.func1()" file="config.go:40"
time="2025-06-19T11:46:14+06:00" level=info msg="Server is listening on :8080" func="main.startServer()" file="app.go:131"
time="2025-06-19T11:46:14+06:00" level=info msg="Application started successfully" func="main.startServer()" file="app.go:145"
time="2025-06-19T12:03:01+06:00" level=info msg="Reading application configuration" func="rest-api-tutorial/internal/config.GetConfig.func1()" file="config.go:40"
time="2025-06-19T12:03:01+06:00" level=info msg="Server is listening on :8080" func="main.startServer()" file="app.go:131"
time="2025-06-19T12:03:01+06:00" level=info msg="Application started successfully" func="main.startServer()" file="app.go:145"
time="2025-06-19T12:06:12+06:00" level=info msg="Reading application configuration" func="rest-api-tutorial/internal/config.GetConfig.func1()" file="config.go:40"
time="2025-06-19T12:06:12+06:00" level=info msg="Server is listening on :8080" func="main.startServer()" file="app.go:131"
time="2025-06-19T12:06:12+06:00" level=info msg="Application started successfully" func="main.startServer()" file="app.go:145"
time="2025-06-19T12:08:53+06:00" level=info msg="Reading application configuration" func="rest-api-tutorial/internal/config.GetConfig.func1()" file="config.go:40"
time="2025-06-19T12:08:53+06:00" level=info msg="Server is listening on :8080" func="main.startServer()" file="app.go:131"
time="2025-06-19T12:08:53+06:00" level=info msg="Application started successfully" func="main.startServer()" file="app.go:145"
time="2025-06-19T12:10:37+06:00" level=info msg="Reading application configuration" func="rest-api-tutorial/internal/config.GetConfig.func1()" file="config.go:40"
time="2025-06-19T12:10:37+06:00" level=info msg="Server is listening on :8080" func="main.startServer()" file="app.go:131"
time="2025-06-19T12:10:37+06:00" level=info msg="Application started successfully" func="main.startServer()" file="app.go:145"
time="2025-06-19T12:21:14+06:00" level=info msg="Reading application configuration" func="rest-api-tutorial/internal/config.GetConfig.func1()" file="config.go:40"
time="2025-06-19T12:21:14+06:00" level=info msg="Server is listening on :8080" func="main.startServer()" file="app.go:131"
time="2025-06-19T12:21:14+06:00" level=info msg="Application started successfully" func="main.startServer()" file="app.go:145"
time="2025-06-19T12:22:56+06:00" level=info msg="Reading application configuration" func="rest-api-tutorial/internal/config.GetConfig.func1()" file="config.go:40"
time="2025-06-19T12:22:56+06:00" level=info msg="Server is listening on :8080" func="main.startServer()" file="app.go:131"
time="2025-06-19T12:22:56+06:00" level=info msg="Application started successfully" func="main.startServer()" file="app.go:145"
time="2025-06-19T12:24:11+06:00" level=info msg="Reading application configuration" func="rest-api-tutorial/internal/config.GetConfig.func1()" file="config.go:40"
time="2025-06-19T12:24:11+06:00" level=info msg="Server is listening on :8080" func="main.startServer()" file="app.go:131"
time="2025-06-19T12:24:11+06:00" level=info msg="Application started successfully" func="main.startServer()" file="app.go:145"
time="2025-06-19T12:52:51+06:00" level=info msg="Reading application configuration" func="rest-api-tutorial/internal/config.GetConfig.func1()" file="config.go:40"
time="2025-06-19T12:52:51+06:00" level=info msg="Server is listening on :8080" func="main.startServer()" file="app.go:131"
time="2025-06-19T12:52:51+06:00" level=info msg="Application started successfully" func="main.startServer()" file="app.go:145"
time="2025-06-19T12:56:29+06:00" level=info msg="Reading application configuration" func="rest-api-tutorial/internal/config.GetConfig.func1()" file="config.go:40"
time="2025-06-19T12:56:29+06:00" level=info msg="Server is listening on :8080" func="main.startServer()" file="app.go:131"
time="2025-06-19T12:56:29+06:00" level=info msg="Application started successfully" func="main.startServer()" file="app.go:145"
time="2025-06-19T13:04:05+06:00" level=info msg="Reading application configuration" func="rest-api-tutorial/internal/config.GetConfig.func1()" file="config.go:40"
time="2025-06-19T13:04:05+06:00" level=info msg="Server is listening on :8080" func="main.startServer()" file="app.go:131"
time="2025-06-19T13:04:05+06:00" level=info msg="Application started successfully" func="main.startServer()" file="app.go:145"
time="2025-06-19T13:25:22+06:00" level=info msg="Reading application configuration" func="rest-api-tutorial/internal/config.GetConfig.func1()" file="config.go:40"
time="2025-06-19T13:25:22+06:00" level=info msg="Server is listening on :8080" func="main.startServer()" file="app.go:131"
time="2025-06-19T13:25:22+06:00" level=info msg="Application started successfully" func="main.startServer()" file="app.go:145"
time="2025-06-19T13:26:21+06:00" level=info msg="Reading application configuration" func="rest-api-tutorial/internal/config.GetConfig.func1()" file="config.go:40"
time="2025-06-19T13:26:21+06:00" level=info msg="Server is listening on :8080" func="main.startServer()" file="app.go:131"
time="2025-06-19T13:26:21+06:00" level=info msg="Application started successfully" func="main.startServer()" file="app.go:145"
time="2025-06-19T14:07:00+06:00" level=info msg="Reading application configuration" func="rest-api-tutorial/internal/config.GetConfig.func1()" file="config.go:40"
time="2025-06-19T14:07:00+06:00" level=info msg="Server is listening on :8080" func="main.startServer()" file="app.go:131"
time="2025-06-19T14:07:00+06:00" level=info msg="Application started successfully" func="main.startServer()" file="app.go:145"
time="2025-06-19T14:12:22+06:00" level=info msg="Reading application configuration" func="rest-api-tutorial/internal/config.GetConfig.func1()" file="config.go:40"
time="2025-06-19T14:12:22+06:00" level=info msg="Server is listening on :8080" func="main.startServer()" file="app.go:131"
time="2025-06-19T14:12:22+06:00" level=info msg="Application started successfully" func="main.startServer()" file="app.go:145"
time="2025-06-19T14:21:52+06:00" level=info msg="Reading application configuration" func="rest-api-tutorial/internal/config.GetConfig.func1()" file="config.go:40"
time="2025-06-19T14:21:52+06:00" level=info msg="Server is listening on :8080" func="main.startServer()" file="app.go:131"
time="2025-06-19T14:21:52+06:00" level=info msg="Application started successfully" func="main.startServer()" file="app.go:145"
time="2025-06-19T14:21:54+06:00" level=info msg="Reading application configuration" func="rest-api-tutorial/internal/config.GetConfig.func1()" file="config.go:40"
time="2025-06-19T14:21:54+06:00" level=info msg="Server is listening on :8080" func="main.startServer()" file="app.go:131"
time="2025-06-19T14:21:54+06:00" level=fatal msg="Failed to start server: failed to create listener: listen tcp :8080: bind: address already in use" func="main.main()" file="app.go:89"
time="2025-06-19T15:53:47+06:00" level=info msg="Reading application configuration" func="rest-api-tutorial/internal/config.GetConfig.func1()" file="config.go:40"
time="2025-06-19T15:53:47+06:00" level=info msg="Server is listening on :8080" func="main.startServer()" file="app.go:131"
time="2025-06-19T15:53:47+06:00" level=info msg="Application started successfully" func="main.startServer()" file="app.go:145"
time="2025-06-19T20:37:09+06:00" level=info msg="Reading application configuration" func="rest-api-tutorial/internal/config.GetConfig.func1()" file="config.go:40"
time="2025-06-19T20:37:09+06:00" level=info msg="Server is listening on :8080" func="main.startServer()" file="app.go:131"
time="2025-06-19T20:37:09+06:00" level=info msg="Application started successfully" func="main.startServer()" file="app.go:145"
time="2025-06-19T21:04:26+06:00" level=info msg="Reading application configuration" func="rest-api-tutorial/internal/config.GetConfig.func1()" file="config.go:40"
time="2025-06-19T21:04:26+06:00" level=info msg="Server is listening on :8080" func="main.startServer()" file="app.go:131"
time="2025-06-19T21:04:26+06:00" level=info msg="Application started successfully" func="main.startServer()" file="app.go:145"
time="2025-06-19T21:06:19+06:00" level=info msg="Reading application configuration" func="rest-api-tutorial/internal/config.GetConfig.func1()" file="config.go:40"
time="2025-06-19T21:06:19+06:00" level=info msg="Server is listening on :8080" func="main.startServer()" file="app.go:131"
time="2025-06-19T21:06:19+06:00" level=info msg="Application started successfully" func="main.startServer()" file="app.go:145"
time="2025-06-19T21:11:27+06:00" level=info msg="Reading application configuration" func="rest-api-tutorial/internal/config.GetConfig.func1()" file="config.go:40"
time="2025-06-19T21:11:27+06:00" level=info msg="Server is listening on :8080" func="main.startServer()" file="app.go:131"
time="2025-06-19T21:11:27+06:00" level=info msg="Application started successfully" func="main.startServer()" file="app.go:145"
time="2025-06-19T21:11:51+06:00" level=info msg="Reading application configuration" func="rest-api-tutorial/internal/config.GetConfig.func1()" file="config.go:40"
time="2025-06-19T21:11:51+06:00" level=info msg="Server is listening on :8080" func="main.startServer()" file="app.go:131"
time="2025-06-19T21:11:51+06:00" level=info msg="Application started successfully" func="main.startServer()" file="app.go:145"
time="2025-06-19T21:24:24+06:00" level=info msg="Reading application configuration" func="rest-api-tutorial/internal/config.GetConfig.func1()" file="config.go:40"
time="2025-06-19T21:24:24+06:00" level=info msg="Server is listening on :8080" func="main.startServer()" file="app.go:131"
time="2025-06-19T21:24:24+06:00" level=info msg="Application started successfully" func="main.startServer()" file="app.go:145"
time="2025-06-19T21:25:11+06:00" level=error msg="Failed to get film: ERROR: column reference \"film_id\" is ambiguous (SQLSTATE 42702)" func="rest-api-tutorial/internal/films.(*Storage).FindOne()" file="storage.go:67"
time="2025-06-19T21:34:53+06:00" level=info msg="Reading application configuration" func="rest-api-tutorial/internal/config.GetConfig.func1()" file="config.go:40"
time="2025-06-19T21:34:53+06:00" level=info msg="Server is listening on :8080" func="main.startServer()" file="app.go:131"
time="2025-06-19T21:34:53+06:00" level=info msg="Application started successfully" func="main.startServer()" file="app.go:145"
time="2025-06-19T21:35:01+06:00" level=error msg="Failed to get film: ERROR: column \"id\" does not exist (SQLSTATE 42703)" func="rest-api-tutorial/internal/films.(*Storage).FindOne()" file="storage.go:66"
time="2025-06-19T21:40:37+06:00" level=info msg="Reading application configuration" func="rest-api-tutorial/internal/config.GetConfig.func1()" file="config.go:40"
time="2025-06-19T21:40:37+06:00" level=info msg="Server is listening on :8080" func="main.startServer()" file="app.go:131"
time="2025-06-19T21:40:37+06:00" level=info msg="Application started successfully" func="main.startServer()" file="app.go:145"
time="2025-06-19T21:41:07+06:00" level=error msg="Failed to get film: number of field descriptions must equal number of destinations, got 1 and 7" func="rest-api-tutorial/internal/films.(*Storage).FindOne()" file="storage.go:66"
time="2025-06-19T21:52:40+06:00" level=info msg="Reading application configuration" func="rest-api-tutorial/internal/config.GetConfig.func1()" file="config.go:40"
time="2025-06-19T21:52:40+06:00" level=info msg="Server is listening on :8080" func="main.startServer()" file="app.go:131"
time="2025-06-19T21:52:40+06:00" level=info msg="Application started successfully" func="main.startServer()" file="app.go:145"
time="2025-06-19T22:01:32+06:00" level=info msg="Reading application configuration" func="rest-api-tutorial/internal/config.GetConfig.func1()" file="config.go:40"
time="2025-06-19T22:01:32+06:00" level=info msg="Server is listening on :8080" func="main.startServer()" file="app.go:131"
time="2025-06-19T22:01:32+06:00" level=info msg="Application started successfully" func="main.startServer()" file="app.go:145"
time="2025-06-19T22:01:37+06:00" level=error msg="Failed to get film: ERROR: syntax error at or near \"FROM\" (SQLSTATE 42601)" func="rest-api-tutorial/internal/films.(*Storage).FindOne()" file="storage.go:68"
time="2025-06-19T22:02:00+06:00" level=info msg="Reading application configuration" func="rest-api-tutorial/internal/config.GetConfig.func1()" file="config.go:40"
time="2025-06-19T22:02:00+06:00" level=info msg="Server is listening on :8080" func="main.startServer()" file="app.go:131"
time="2025-06-19T22:02:00+06:00" level=info msg="Application started successfully" func="main.startServer()" file="app.go:145"
time="2025-06-19T22:15:03+06:00" level=info msg="Reading application configuration" func="rest-api-tutorial/internal/config.GetConfig.func1()" file="config.go:40"
time="2025-06-19T22:15:03+06:00" level=info msg="Server is listening on :8080" func="main.startServer()" file="app.go:131"
time="2025-06-19T22:15:03+06:00" level=info msg="Application started successfully" func="main.startServer()" file="app.go:145"
time="2025-06-19T22:35:29+06:00" level=info msg="Reading application configuration" func="rest-api-tutorial/internal/config.GetConfig.func1()" file="config.go:40"
time="2025-06-19T22:35:29+06:00" level=info msg="Server is listening on :8080" func="main.startServer()" file="app.go:131"
time="2025-06-19T22:35:29+06:00" level=info msg="Application started successfully" func="main.startServer()" file="app.go:145"
time="2025-06-19T22:39:35+06:00" level=info msg="Reading application configuration" func="rest-api-tutorial/internal/config.GetConfig.func1()" file="config.go:40"
time="2025-06-19T22:39:35+06:00" level=info msg="Server is listening on :8080" func="main.startServer()" file="app.go:131"
time="2025-06-19T22:39:35+06:00" level=info msg="Application started successfully" func="main.startServer()" file="app.go:145"
time="2025-06-19T23:16:19+06:00" level=info msg="Reading application configuration" func="rest-api-tutorial/internal/config.GetConfig.func1()" file="config.go:40"
time="2025-06-19T23:16:19+06:00" level=info msg="Server is listening on :8080" func="main.startServer()" file="app.go:131"
time="2025-06-19T23:16:19+06:00" level=info msg="Application started successfully" func="main.startServer()" file="app.go:145"
time="2025-06-19T23:21:43+06:00" level=info msg="Reading application configuration" func="rest-api-tutorial/internal/config.GetConfig.func1()" file="config.go:40"
time="2025-06-19T23:21:43+06:00" level=info msg="Server is listening on :8080" func="main.startServer()" file="app.go:131"
time="2025-06-19T23:21:43+06:00" level=info msg="Application started successfully" func="main.startServer()" file="app.go:145"
time="2025-06-20T13:52:00+06:00" level=info msg="Reading application configuration" func="rest-api-tutorial/internal/config.GetConfig.func1()" file="config.go:40"
time="2025-06-20T13:52:00+06:00" level=info msg="Server is listening on :8080" func="main.startServer()" file="app.go:131"
time="2025-06-20T13:52:00+06:00" level=info msg="Application started successfully" func="main.startServer()" file="app.go:145"
time="2025-06-20T16:36:43+06:00" level=info msg="Reading application configuration" func="rest-api-tutorial/internal/config.GetConfig.func1()" file="config.go:40"
time="2025-06-20T16:36:43+06:00" level=info msg="Server is listening on :8080" func="main.startServer()" file="app.go:132"
time="2025-06-20T16:36:43+06:00" level=info msg="Application started successfully" func="main.startServer()" file="app.go:146"
time="2025-06-20T16:38:43+06:00" level=info msg="Reading application configuration" func="rest-api-tutorial/internal/config.GetConfig.func1()" file="config.go:40"
time="2025-06-20T16:38:43+06:00" level=info msg="Server is listening on :8080" func="main.startServer()" file="app.go:132"
time="2025-06-20T16:38:43+06:00" level=info msg="Application started successfully" func="main.startServer()" file="app.go:146"
time="2025-06-20T16:39:09+06:00" level=info msg="Reading application configuration" func="rest-api-tutorial/internal/config.GetConfig.func1()" file="config.go:40"
time="2025-06-20T16:39:09+06:00" level=info msg="Server is listening on :8080" func="main.startServer()" file="app.go:132"
time="2025-06-20T16:39:09+06:00" level=info msg="Application started successfully" func="main.startServer()" file="app.go:146"
time="2025-06-20T16:40:12+06:00" level=info msg="Reading application configuration" func="rest-api-tutorial/internal/config.GetConfig.func1()" file="config.go:40"
time="2025-06-20T16:40:12+06:00" level=info msg="Server is listening on :8080" func="main.startServer()" file="app.go:132"
time="2025-06-20T16:40:12+06:00" level=info msg="Application started successfully" func="main.startServer()" file="app.go:146"
time="2025-06-20T19:42:05+06:00" level=info msg="Reading application configuration" func="rest-api-tutorial/internal/config.GetConfig.func1()" file="config.go:40"
time="2025-06-20T19:42:05+06:00" level=info msg="Server is listening on :8080" func="main.startServer()" file="app.go:132"
time="2025-06-20T19:42:05+06:00" level=info msg="Application started successfully" func="main.startServer()" file="app.go:146"
time="2025-06-20T19:49:35+06:00" level=info msg="Reading application configuration" func="rest-api-tutorial/internal/config.GetConfig.func1()" file="config.go:40"
time="2025-06-20T19:49:35+06:00" level=info msg="Server is listening on :8080" func="main.startServer()" file="app.go:132"
time="2025-06-20T19:49:35+06:00" level=info msg="Application started successfully" func="main.startServer()" file="app.go:146"
time="2025-06-22T13:11:00+06:00" level=info msg="Reading application configuration" func="rest-api-tutorial/internal/config.GetConfig.func1()" file="config.go:40"
time="2025-06-22T13:11:00+06:00" level=info msg="Server is listening on :8080" func="main.startServer()" file="app.go:132"
time="2025-06-22T13:11:00+06:00" level=info msg="Application started successfully" func="main.startServer()" file="app.go:146"
time="2025-06-22T13:33:15+06:00" level=info msg="Reading application configuration" func="rest-api-tutorial/internal/config.GetConfig.func1()" file="config.go:40"
time="2025-06-22T13:33:15+06:00" level=info msg="Server is listening on :8080" func="main.startServer()" file="app.go:132"
time="2025-06-22T13:33:15+06:00" level=info msg="Application started successfully" func="main.startServer()" file="app.go:146"
time="2025-06-22T16:29:03+06:00" level=info msg="Reading application configuration" func="rest-api-tutorial/internal/config.GetConfig.func1()" file="config.go:40"
time="2025-06-22T16:29:03+06:00" level=info msg="Server is listening on :8080" func="main.startServer()" file="app.go:132"
time="2025-06-22T16:29:03+06:00" level=info msg="Application started successfully" func="main.startServer()" file="app.go:146"
time="2025-06-30T17:53:00+06:00" level=info msg="Reading application configuration" func="rest-api-tutorial/internal/config.GetConfig.func1()" file="config.go:40"
time="2025-06-30T17:53:00+06:00" level=info msg="Server is listening on :8080" func="main.startServer()" file="app.go:132"
time="2025-06-30T17:53:00+06:00" level=info msg="Application started successfully" func="main.startServer()" file="app.go:146"
time="2025-07-04T01:52:03+06:00" level=info msg="Reading application configuration" func="rest-api-tutorial/internal/config.GetConfig.func1()" file="config.go:40"
time="2025-07-04T01:52:28+06:00" level=fatal msg="Failed to connect to PostgreSQL: failed to connect after 5 attempts: failed to connect to `host=db user=st1txh database=st1txh_db`: hostname resolving error (lookup db on 192.168.128.1:53: no such host)" func="main.main()" file="app.go:41"
time="2025-07-04T01:52:33+06:00" level=info msg="Reading application configuration" func="rest-api-tutorial/internal/config.GetConfig.func1()" file="config.go:40"
time="2025-07-04T01:52:33+06:00" level=info msg="Server is listening on :8080" func="main.startServer()" file="app.go:132"
time="2025-07-04T01:52:33+06:00" level=info msg="Application started successfully" func="main.startServer()" file="app.go:146"
time="2025-07-04T14:14:58+06:00" level=info msg="Reading application configuration" func="rest-api-tutorial/internal/config.GetConfig.func1()" file="config.go:40"
time="2025-07-04T14:15:25+06:00" level=fatal msg="Failed to connect to PostgreSQL: failed to connect after 5 attempts: failed to connect to `host=db user=st1txh database=st1txh_db`: hostname resolving error (lookup db on 192.168.128.1:53: no such host)" func="main.main()" file="app.go:41"
time="2025-07-04T14:15:33+06:00" level=info msg="Reading application configuration" func="rest-api-tutorial/internal/config.GetConfig.func1()" file="config.go:40"
time="2025-07-04T14:15:33+06:00" level=info msg="Server is listening on :8080" func="main.startServer()" file="app.go:132"
time="2025-07-04T14:15:33+06:00" level=info msg="Application started successfully" func="main.startServer()" file="app.go:146"
time="2025-07-06T18:12:26+06:00" level=info msg="Reading application configuration" func="rest-api-tutorial/internal/config.GetConfig.func1()" file="config.go:40"
time="2025-07-06T18:12:51+06:00" level=fatal msg="Failed to connect to PostgreSQL: failed to connect after 5 attempts: failed to connect to `host=db user=st1txh database=st1txh_db`: hostname resolving error (lookup db on 192.168.128.1:53: no such host)" func="main.main()" file="app.go:61"
